\BOOKMARK [1][-]{section.1}{Motivation}{}% 1
\BOOKMARK [2][-]{subsection.1.1}{Background}{section.1}% 2
\BOOKMARK [2][-]{subsection.1.2}{Initial attempt}{section.1}% 3
\BOOKMARK [2][-]{subsection.1.3}{Contributions}{section.1}% 4
\BOOKMARK [1][-]{section.2}{Related Work}{}% 5
\BOOKMARK [2][-]{subsection.2.1}{Eye tracking}{section.2}% 6
\BOOKMARK [2][-]{subsection.2.2}{Mouse cursor tracking}{section.2}% 7
\BOOKMARK [2][-]{subsection.2.3}{Semi Supervised Learning}{section.2}% 8
\BOOKMARK [2][-]{subsection.2.4}{Hidden Markov Models}{section.2}% 9
\BOOKMARK [1][-]{section.3}{Implementation}{}% 10
\BOOKMARK [1][-]{section.4}{Methodology}{}% 11
\BOOKMARK [1][-]{section.5}{Data Pipeline}{}% 12
\BOOKMARK [2][-]{subsection.5.1}{Data}{section.5}% 13
\BOOKMARK [3][-]{subsubsection.5.1.1}{Data Manipulation}{subsection.5.1}% 14
\BOOKMARK [2][-]{subsection.5.2}{Features}{section.5}% 15
\BOOKMARK [2][-]{subsection.5.3}{Machine Learning}{section.5}% 16
\BOOKMARK [2][-]{subsection.5.4}{Labels}{section.5}% 17
\BOOKMARK [1][-]{section.6}{Results}{}% 18
\BOOKMARK [2][-]{subsection.6.1}{Table or graph of results}{section.6}% 19
\BOOKMARK [2][-]{subsection.6.2}{Likelihood length correlation}{section.6}% 20
\BOOKMARK [1][-]{section.7}{Conclusion}{}% 21
\BOOKMARK [1][-]{section.8}{Future work}{}% 22
